7.461760195850307368e-258
6.262725109806890345e-01
6.306575438151352196e-05
4.540669755004519393e-39
1.301694681279943744e-17
5.818536764144064120e-09
1.906288632472376288e-02
8.314708161306550993e-01
3.477637079102983244e-14
2.598041553045050689e-01
4.087458828140667910e-02
1.715849071170004736e-01
1.457992584130595167e-05
5.301346862048931553e-03
1.640585808594601305e-02
5.301346862048931553e-03
5.423837637775249382e-02
8.741085453617474313e-03
8.741085453617474313e-03
1.313966823981005221e-02
1.170127233603476674e-01
1.170127233603476674e-01
1.170127233603476674e-01
1.170127233603476674e-01
1.170127233603476674e-01
1.170127233603476674e-01
1.039112739401465424e-01
8.741085453617474313e-03
8.631478289838837026e-02
5.301346862048931553e-03
5.423837637775249382e-02
5.423837637775249382e-02
1.640585808594601305e-02
1.313966823981005221e-02
5.423837637775249382e-02
0.000000000000000000e+00
5.423837637775249382e-02
6.937905105420291707e-02
2.839758119469783515e-01
5.776200883395246274e-03
8.631478289838837026e-02
1.827231185150525739e-01
0.000000000000000000e+00
6.644508504380575165e-02
3.480127663899779122e-01
3.480127663899779122e-01
8.631478289838837026e-02
8.631478289838837026e-02
8.278911052016655336e-01
1.119116010805899656e-03
2.046385405114857503e-01
1.544023034519277768e-09
2.763965257791280008e-09
