1.802740200656034464e-01
5.375007728693342868e-02
3.398437130902474262e-02
9.192671148989563223e-02
1.120025554914595017e-01
3.461301303587923511e-02
2.522920407486025501e-02
3.025102182191086175e-02
7.094623523249461716e-02
3.461506349481710543e-02
2.799839444057632479e-02
2.360681624539243822e-02
2.230708111848122566e-01
4.806551072602710572e-04
8.671029208817355787e-04
9.932105476645855698e-04
1.032445903056174868e-03
5.414703779467863666e-05
1.302472271232132722e-03
1.410026573347873723e-03
1.100725213993440903e-03
2.289762175431589810e-04
2.520076369966484098e-04
3.020939610807637154e-04
5.454572559871311834e-04
7.776915948726336337e-04
1.846816728547435961e-03
1.016147802726076813e-03
5.576740426945570647e-04
1.896431287937384944e-03
1.770513913887881638e-03
5.248765276555910622e-04
3.769033515940463505e-04
1.180902212379705569e-03
6.120452558222419428e-04
0.000000000000000000e+00
4.180250774272980087e-04
5.428616574269652488e-04
1.728206398965327281e-03
2.466501172231472857e-03
1.637918538831271466e-04
6.227343688147054515e-04
0.000000000000000000e+00
1.965983827983921149e-03
3.229259671661465110e-03
2.784082241728319876e-03
3.667208877922203936e-04
5.191352241564019861e-04
1.312723306459156027e-03
6.487538999943791122e-03
2.538218928793224260e-03
5.972622789147109118e-03
7.483975054969502390e-03
