1.796545691285682187e+04
1.799532408312364714e+04
1.800139776526606875e+04
1.799901263743054369e+04
1.800087653204766684e+04
1.800340823024996280e+04
1.800032690277186339e+04
1.800177860391218564e+04
1.800147549719310337e+04
1.800113642095041723e+04
1.800133654185566047e+04
1.800127559736208786e+04
1.800116358233011124e+04
1.800077880739069224e+04
1.800107662625098965e+04
1.800165600275122779e+04
1.800084168554972348e+04
1.800184114173956914e+04
1.800149777776465999e+04
1.800080576748668318e+04
1.800120332796504226e+04
1.800105735398676916e+04
1.800136695601846441e+04
1.800132920587328772e+04
1.800104557360437320e+04
1.800105099293308740e+04
1.799906814934681097e+04
1.800372425143211149e+04
1.800325456510529330e+04
1.800227699022350498e+04
1.800025257884160601e+04
1.800124801757675959e+04
1.800137110933530857e+04
1.800117294789500011e+04
1.800066723295500196e+04
1.800070529212762631e+04
1.800145508932678058e+04
1.800034155160029331e+04
1.800264379811867548e+04
1.800126935845906701e+04
1.800045757538586258e+04
1.800179190423546970e+04
1.800177902906747113e+04
1.800112463537269650e+04
1.800149940168206012e+04
1.800139148476059927e+04
1.800153462277733342e+04
1.800143743719968552e+04
1.800131624779240883e+04
1.800222515780829417e+04
1.800100940543740580e+04
1.800206390051085691e+04
1.800134533072212071e+04
