2.249866745409077851e+01
2.249878759715069165e+01
2.253939619413622708e+01
2.256903423458962976e+01
2.252834815157354598e+01
2.247072623141772851e+01
2.254007875292948881e+01
2.250717062456113027e+01
2.251432005128976854e+01
2.252175418417020936e+01
2.251709453416515672e+01
2.251880189883615202e+01
2.252138905006468406e+01
2.252981180240984571e+01
2.252314241866334399e+01
2.251039302894140803e+01
2.252844023382900218e+01
2.250634139094253783e+01
2.251386214661937046e+01
2.252921576284161986e+01
2.252042176744526003e+01
2.252364258702501587e+01
2.251684157086771876e+01
2.251764737450378462e+01
2.252392567919352473e+01
2.252380276760874267e+01
2.256777839689614851e+01
2.246438335868840142e+01
2.247483494962614614e+01
2.249657264773293619e+01
2.254152151645092772e+01
2.251943057764715306e+01
2.251669739955049110e+01
2.252109729172240193e+01
2.253232207659092268e+01
2.253147751459287917e+01
2.251483248419699734e+01
2.253954789959041349e+01
2.248841864159314241e+01
2.251895674002603798e+01
2.253697397017552007e+01
2.250735139643843752e+01
2.250763741601415546e+01
2.252216987205121512e+01
2.251384839240427382e+01
2.251624494354309292e+01
2.251306616924708237e+01
2.251522449185305774e+01
2.251791560792917224e+01
2.249772462516903104e+01
2.252472787140451871e+01
2.250130819768867596e+01
2.251726982553855194e+01
